[Sat 12/06/2025 10:51:34.81] [INFO] Activating venv 
[Sat 12/06/2025 10:51:34.87] [INFO] ----- HotBot START ----- 
[Sat 12/06/2025 10:51:34.88] [INFO] Launching python "hotbot.py" 
[Sat 12/06/2025 11:06:08.32] [INFO] Activating venv 
[Sat 12/06/2025 11:06:08.40] [INFO] ----- HotBot START ----- 
[Sat 12/06/2025 11:06:08.42] [INFO] Launching python "hotbot.py" 
[Sat 12/06/2025 11:22:02.51] [INFO] Activating venv 
[Sat 12/06/2025 11:22:02.57] [INFO] ----- HotBot START ----- 
[Sat 12/06/2025 11:22:02.58] [INFO] Launching python "hotbot.py" 
[Sat 12/06/2025 11:30:21.34] [INFO] Activating venv 
[Sat 12/06/2025 11:30:21.41] [INFO] ----- HotBot START ----- 
[Sat 12/06/2025 11:30:21.42] [INFO] Launching python "hotbot.py" 
[Sat 12/06/2025 11:30:32.72] [INFO] HotBot exited with code 1 
[Sat 12/06/2025 11:31:53.18] [INFO] Launcher exiting 
[Sat 12/06/2025 11:31:58.82] [INFO] Activating venv 
[Sat 12/06/2025 11:31:58.90] [INFO] ----- HotBot START ----- 
[Sat 12/06/2025 11:31:58.91] [INFO] Launching python "hotbot.py" 
[Sat 12/06/2025 11:32:09.99] [INFO] HotBot exited with code 1 
[Sat 12/06/2025 11:32:36.97] [INFO] Launcher exiting 
[Sat 12/06/2025 11:32:41.59] [INFO] Activating venv 
[Sat 12/06/2025 11:32:41.66] [INFO] ----- HotBot START ----- 
[Sat 12/06/2025 11:32:41.67] [INFO] Launching python "hotbot.py" 
[Mon 12/15/2025  5:05:54.83] [INFO] Activating venv 
[Mon 12/15/2025  5:05:54.94] [INFO] ----- HotBot START ----- 
[Mon 12/15/2025  5:05:54.95] [INFO] Launching python "hotbot.py" 
[Mon 12/22/2025 23:34:14.64] [INFO] Activating venv 
[Mon 12/22/2025 23:34:14.76] [INFO] ----- HotBot START ----- 
[Mon 12/22/2025 23:34:14.77] [INFO] Launching python "hotbot.py" 
[Tue 12/23/2025 13:03:16.89] [INFO] Activating venv 
[Tue 12/23/2025 13:03:17.01] [INFO] ----- HotBot START ----- 
[Tue 12/23/2025 13:03:17.03] [INFO] Launching python "hotbot.py" 
[Thu 12/25/2025  6:19:08.35] [INFO] Activating venv 
[Thu 12/25/2025  6:19:08.48] [INFO] ----- HotBot START ----- 
[Thu 12/25/2025  6:19:08.48] [INFO] Launching python "hotbot.py" 
[Thu 12/25/2025  7:05:47.94] [INFO] Activating venv 
[Thu 12/25/2025  7:05:48.03] [INFO] ----- HotBot START ----- 
[Thu 12/25/2025  7:05:48.04] [INFO] Launching python "hotbot.py" 
[Fri 12/26/2025 17:45:39.50] [INFO] Activating venv 
[Fri 12/26/2025 17:45:39.63] [INFO] ----- HotBot START ----- 
[Fri 12/26/2025 17:45:39.63] [INFO] Launching python "hotbot.py" 
[Sun 12/28/2025 19:22:10.84] [INFO] Activating venv 
[Sun 12/28/2025 19:22:10.91] [INFO] ----- HotBot START ----- 
[Sun 12/28/2025 19:22:10.92] [INFO] Launching python "hotbot.py" 
[Mon 01/05/2026 14:49:13.39] [INFO] Activating venv 
[Mon 01/05/2026 14:49:13.50] [INFO] ----- HotBot START ----- 
[Mon 01/05/2026 14:49:13.50] [INFO] Launching python "hotbot.py" 
[Thu 01/22/2026  7:13:55.58] [INFO] Activating venv 
[Thu 01/22/2026  7:13:55.69] [INFO] ----- HotBot START ----- 
[Thu 01/22/2026  7:13:55.71] [INFO] Launching python "hotbot.py" 
[Sat 01/24/2026 15:56:09.86] [INFO] Activating venv 
[Sat 01/24/2026 15:56:09.97] [INFO] ----- HotBot START ----- 
[Sat 01/24/2026 15:56:09.98] [INFO] Launching python "hotbot.py" 
[Sat 01/24/2026 15:57:32.53] [INFO] Activating venv 
[Sat 01/24/2026 15:57:32.60] [INFO] ----- HotBot START ----- 
[Sat 01/24/2026 15:57:32.61] [INFO] Launching python "hotbot.py" 
[Sat 01/24/2026 15:57:32.76] [INFO] HotBot exited with code 1 
[Sat 01/24/2026 15:57:56.62] [INFO] Launching python "hotbot.py" 
[Sat 01/24/2026 15:58:01.01] [INFO] HotBot exited with code 1 
[Sat 01/24/2026 15:59:03.28] [INFO] Launching python "hotbot.py" 
[Sat 01/24/2026 16:00:08.27] [INFO] Activating venv 
[Sat 01/24/2026 16:00:08.34] [INFO] ----- HotBot START ----- 
[Sat 01/24/2026 16:00:08.35] [INFO] Launching python "hotbot.py" 
[Sat 01/24/2026 16:17:36.00] [INFO] Activating venv 
[Sat 01/24/2026 16:17:36.07] [INFO] ----- HotBot START ----- 
[Sat 01/24/2026 16:17:36.07] [INFO] Launching python "hotbot.py" 
[Sat 01/24/2026 16:19:54.31] [INFO] HotBot exited with code 0 
[Sat 01/24/2026 16:19:55.56] [INFO] Launching python "hotbot.py" 
[Sat 01/24/2026 16:25:39.42] [INFO] HotBot exited with code 0 
[Sat 01/24/2026 16:25:40.62] [INFO] Launching python "hotbot.py" 
[Sat 01/24/2026 16:31:14.02] [INFO] HotBot exited with code 0 
[Sat 01/24/2026 16:31:14.87] [INFO] Launching python "hotbot.py" 
[Sat 01/24/2026 16:47:10.73] [INFO] Activating venv 
[Sat 01/24/2026 16:47:10.80] [INFO] ----- HotBot START ----- 
[Sat 01/24/2026 16:47:10.81] [INFO] Launching python "hotbot.py" 
[Sat 01/24/2026 17:10:06.41] [INFO] HotBot exited with code 0 
[Sat 01/24/2026 17:10:09.32] [INFO] Launching python "hotbot.py" 
[Sat 01/24/2026 17:14:04.95] [INFO] Activating venv 
[Sat 01/24/2026 17:14:05.02] [INFO] ----- HotBot START ----- 
[Sat 01/24/2026 17:14:05.03] [INFO] Launching python "hotbot.py" 
[Sat 01/24/2026 17:21:02.37] [INFO] HotBot exited with code 1 
[Sat 01/24/2026 17:22:06.93] [INFO] Activating venv 
[Sat 01/24/2026 17:22:07.01] [INFO] ----- HotBot START ----- 
[Sat 01/24/2026 17:22:07.02] [INFO] Launching python "hotbot.py" 
[Sat 01/24/2026 17:26:37.10] [INFO] HotBot exited with code 0 
[Sat 01/24/2026 17:26:44.78] [INFO] Launching python "hotbot.py" 
[Sat 01/24/2026 17:27:21.19] [INFO] HotBot exited with code 0 
[Sat 01/24/2026 17:27:25.60] [INFO] Launcher exiting 
[Sat 01/24/2026 17:31:59.60] [INFO] Launcher started (lock acquired) 
[Sat 01/24/2026 17:32:00.60] [INFO] Activating venv 
[Sat 01/24/2026 17:32:00.68] [INFO] ----- HotBot START ----- 
[Sat 01/24/2026 17:32:00.68] [INFO] Launching python "hotbot.py" 
[Sat 01/24/2026 17:36:28.72] [INFO] HotBot exited with code 0 
[Sat 01/24/2026 17:36:31.56] [INFO] Launching python "hotbot.py" 
[Sat 01/24/2026 17:39:30.94] [INFO] HotBot exited with code 0 
[Sat 01/24/2026 17:39:32.08] [INFO] Launching python "hotbot.py" 
[Sat 01/24/2026 17:42:21.29] [INFO] Launcher started (lock acquired) 
[Sat 01/24/2026 17:42:22.41] [INFO] Activating venv 
[Sat 01/24/2026 17:42:22.48] [INFO] ----- HotBot START ----- 
[Sat 01/24/2026 17:42:22.49] [INFO] Launching python "hotbot.py" 
[Sat 01/24/2026 17:47:58.21] [INFO] Launcher started (lock acquired) 
[Sat 01/24/2026 17:48:04.33] [INFO] Activating venv 
[Sat 01/24/2026 17:48:04.40] [INFO] ----- HotBot START ----- 
[Sat 01/24/2026 17:48:04.41] [INFO] Launching python "hotbot.py" 
[Sat 01/24/2026 17:56:56.09] [INFO] HotBot exited with code 0 
[Sat 01/24/2026 17:56:57.23] [INFO] Launching python "hotbot.py" 
[Sat 01/24/2026 17:58:27.22] [INFO] HotBot exited with code 0 
[Sat 01/24/2026 17:58:28.41] [INFO] Launching python "hotbot.py" 
[Sat 01/24/2026 20:00:14.71] [INFO] Launcher started (lock acquired) 
[Sat 01/24/2026 20:00:15.86] [INFO] Activating venv 
[Sat 01/24/2026 20:00:15.94] [INFO] ----- HotBot START ----- 
[Sat 01/24/2026 20:00:15.95] [INFO] Launching python "hotbot.py" 
[Sat 01/24/2026 20:01:23.69] [INFO] HotBot exited with code 0 
[Sat 01/24/2026 20:01:25.31] [INFO] Launching python "hotbot.py" 
[Sat 01/24/2026 20:09:50.58] [INFO] HotBot exited with code 0 
[Sat 01/24/2026 20:09:51.72] [INFO] Launching python "hotbot.py" 
[Sat 01/24/2026 20:14:28.67] [INFO] HotBot exited with code 0 
[Sat 01/24/2026 20:14:29.46] [INFO] Launching python "hotbot.py" 
[Sat 01/24/2026 20:19:46.32] [INFO] HotBot exited with code 0 
[Sat 01/24/2026 20:19:47.59] [INFO] Launching python "hotbot.py" 
[Sat 01/24/2026 20:46:08.65] [INFO] HotBot exited with code 0 
[Sat 01/24/2026 20:46:09.71] [INFO] Launching python "hotbot.py" 
[Sat 01/24/2026 20:56:42.69] [INFO] HotBot exited with code 0 
[Sat 01/24/2026 20:56:44.01] [INFO] Launching python "hotbot.py" 
[Sat 01/24/2026 20:56:55.00] [INFO] HotBot exited with code 1 
[Sat 01/24/2026 20:58:59.37] [INFO] Activating venv 
[Sat 01/24/2026 20:58:59.45] [INFO] ----- HotBot START ----- 
[Sat 01/24/2026 20:58:59.45] [INFO] Launching python "hotbot.py" 
[Sat 01/24/2026 21:09:45.89] [INFO] HotBot exited with code 0 
[Sat 01/24/2026 21:09:46.97] [INFO] Launching python "hotbot.py" 
[Sat 01/24/2026 21:12:29.03] [INFO] HotBot exited with code 0 
[Sat 01/24/2026 21:12:29.79] [INFO] Launching python "hotbot.py" 
[Sat 01/24/2026 21:14:33.46] [INFO] HotBot exited with code 0 
[Sat 01/24/2026 21:14:34.86] [INFO] Launching python "hotbot.py" 
[Sat 01/24/2026 21:20:54.48] [INFO] HotBot exited with code 0 
[Sat 01/24/2026 21:20:56.12] [INFO] Launching python "hotbot.py" 
[Sat 01/24/2026 21:34:20.34] [INFO] HotBot exited with code 0 
[Sat 01/24/2026 21:34:21.31] [INFO] Launching python "hotbot.py" 
[Sat 01/24/2026 21:35:49.72] [INFO] HotBot exited with code 0 
[Sat 01/24/2026 21:35:50.66] [INFO] Launching python "hotbot.py" 
[Sat 01/24/2026 21:42:34.16] [INFO] HotBot exited with code 0 
[Sat 01/24/2026 21:42:35.11] [INFO] Launching python "hotbot.py" 
[Sat 04/18/2026 13:37:51.68] [INFO] Launcher started (lock acquired) 
[Sat 04/18/2026 13:37:53.25] [INFO] Activating venv 
[Sat 04/18/2026 13:37:53.31] [INFO] ----- HotBot START ----- 
[Sat 04/18/2026 13:37:53.31] [INFO] Launching python "hotbot.py" 
[Sat 04/18/2026 13:54:37.59] [INFO] Launcher started (lock acquired) 
[Sat 04/18/2026 13:54:39.10] [INFO] Activating venv 
[Sat 04/18/2026 13:54:39.15] [INFO] ----- HotBot START ----- 
[Sat 04/18/2026 13:54:39.15] [INFO] Launching python "hotbot.py" 
[Sat 04/18/2026 14:56:50.84] [INFO] Launcher started (lock acquired) 
[Sat 04/18/2026 14:56:52.28] [INFO] Activating venv 
[Sat 04/18/2026 14:56:52.32] [INFO] ----- HotBot START ----- 
[Sat 04/18/2026 14:56:52.33] [INFO] Launching python "hotbot.py" 
[Sat 04/18/2026 14:59:48.10] [INFO] Launcher started (lock acquired) 
[Sat 04/18/2026 14:59:49.30] [INFO] Activating venv 
[Sat 04/18/2026 14:59:49.34] [INFO] ----- HotBot START ----- 
[Sat 04/18/2026 14:59:49.34] [INFO] Launching python "hotbot.py" 
[Sat 04/18/2026 15:15:53.89] [INFO] Launcher started (lock acquired) 
[Sat 04/18/2026 15:15:54.99] [INFO] Activating venv 
[Sat 04/18/2026 15:15:55.03] [INFO] ----- HotBot START ----- 
[Sat 04/18/2026 15:15:55.04] [INFO] Launching python "hotbot.py" 
[Sat 04/18/2026 15:21:19.68] [INFO] Launcher started (lock acquired) 
[Sat 04/18/2026 15:21:20.93] [INFO] Activating venv 
[Sat 04/18/2026 15:21:20.97] [INFO] ----- HotBot START ----- 
[Sat 04/18/2026 15:21:20.98] [INFO] Launching python "hotbot.py" 
[Sat 04/18/2026 15:33:37.37] [INFO] Launcher started (lock acquired) 
[Sat 04/18/2026 15:33:38.37] [INFO] Activating venv 
[Sat 04/18/2026 15:33:38.42] [INFO] ----- HotBot START ----- 
[Sat 04/18/2026 15:33:38.42] [INFO] Launching python "hotbot.py" 
[Sat 04/18/2026 16:01:38.38] [INFO] HotBot exited with code 0 
[Sat 04/18/2026 16:01:40.61] [INFO] Launching python "hotbot.py" 
